FIRST and FOLLOW set:
+----+--------------------+--------------------+
|    |FIRST               |FOLLOW              |
+----+--------------------+--------------------+
|E   |{(,num }            |{$ ,) }             |
+----+--------------------+--------------------+
|E'  |{+,-,eps }          |{$ ,) }             |
+----+--------------------+--------------------+
|F   |{(,num }            |{$ ,) ,* ,+ ,- ,/ } |
+----+--------------------+--------------------+
|T   |{(,num }            |{$ ,) ,+ ,- }       |
+----+--------------------+--------------------+
|T'  |{*,/,eps }          |{$ ,) ,+ ,- }       |
+----+--------------------+--------------------+
M table:
+----+----------+----------+----------+----------+----------+----------+----------+----------+
|    |$         |(         |)         |*         |+         |-         |/         |num       |
+----+----------+----------+----------+----------+----------+----------+----------+----------+
|E   |          |E -> TE'  |          |          |          |          |          |E -> TE'  |
+----+----------+----------+----------+----------+----------+----------+----------+----------+
|E'  |E' -> eps |          |E' -> eps |          |E' -> +TE'|E' -> -TE'|          |          |
+----+----------+----------+----------+----------+----------+----------+----------+----------+
|F   |          |F -> (E)  |          |          |          |          |          |F -> num  |
+----+----------+----------+----------+----------+----------+----------+----------+----------+
|T   |          |T -> FT'  |          |          |          |          |          |T -> FT'  |
+----+----------+----------+----------+----------+----------+----------+----------+----------+
|T'  |T' -> eps |          |T' -> eps |T' -> *FT'|T' -> eps |T' -> eps |T' -> /FT'|          |
+----+----------+----------+----------+----------+----------+----------+----------+----------+
LL(1) Parsing Failed.
Partial Parsing Sequence:
+------------------------------+------------------------------+------------------------------+------------------------------+
|Stack                         |Input                         |Strategy                      |Prefix                        |
+------------------------------+------------------------------+------------------------------+------------------------------+
|$ E                           |( num - num ) * ( num /*10) $ |E -> TE'                      |                              |
+------------------------------+------------------------------+------------------------------+------------------------------+
|$ E' T                        |( num - num ) * ( num /*10) $ |T -> FT'                      |                              |
+------------------------------+------------------------------+------------------------------+------------------------------+
|$ E' T' F                     |( num - num ) * ( num /*10) $ |F -> (E)                      |                              |
+------------------------------+------------------------------+------------------------------+------------------------------+
|$ E' T' ) E (                 |( num - num ) * ( num /*10) $ |                              |(                             |
+------------------------------+------------------------------+------------------------------+------------------------------+
|$ E' T' ) E                   |num - num ) * ( num /*10) $   |E -> TE'                      |(                             |
+------------------------------+------------------------------+------------------------------+------------------------------+
|$ E' T' ) E' T                |num - num ) * ( num /*10) $   |T -> FT'                      |(                             |
+------------------------------+------------------------------+------------------------------+------------------------------+
|$ E' T' ) E' T' F             |num - num ) * ( num /*10) $   |F -> num                      |(                             |
+------------------------------+------------------------------+------------------------------+------------------------------+
|$ E' T' ) E' T' num           |num - num ) * ( num /*10) $   |                              |( num                         |
+------------------------------+------------------------------+------------------------------+------------------------------+
|$ E' T' ) E' T'               |- num ) * ( num /*10) $       |T' -> eps                     |( num                         |
+------------------------------+------------------------------+------------------------------+------------------------------+
|$ E' T' ) E'                  |- num ) * ( num /*10) $       |E' -> -TE'                    |( num                         |
+------------------------------+------------------------------+------------------------------+------------------------------+
|$ E' T' ) E' T -              |- num ) * ( num /*10) $       |                              |( num -                       |
+------------------------------+------------------------------+------------------------------+------------------------------+
|$ E' T' ) E' T                |num ) * ( num /*10) $         |T -> FT'                      |( num -                       |
+------------------------------+------------------------------+------------------------------+------------------------------+
|$ E' T' ) E' T' F             |num ) * ( num /*10) $         |F -> num                      |( num -                       |
+------------------------------+------------------------------+------------------------------+------------------------------+
|$ E' T' ) E' T' num           |num ) * ( num /*10) $         |                              |( num - num                   |
+------------------------------+------------------------------+------------------------------+------------------------------+
|$ E' T' ) E' T'               |) * ( num /*10) $             |T' -> eps                     |( num - num                   |
+------------------------------+------------------------------+------------------------------+------------------------------+
|$ E' T' ) E'                  |) * ( num /*10) $             |E' -> eps                     |( num - num                   |
+------------------------------+------------------------------+------------------------------+------------------------------+
|$ E' T' )                     |) * ( num /*10) $             |                              |( num - num )                 |
+------------------------------+------------------------------+------------------------------+------------------------------+
|$ E' T'                       |* ( num /*10) $               |T' -> *FT'                    |( num - num )                 |
+------------------------------+------------------------------+------------------------------+------------------------------+
|$ E' T' F *                   |* ( num /*10) $               |                              |( num - num ) *               |
+------------------------------+------------------------------+------------------------------+------------------------------+
|$ E' T' F                     |( num /*10) $                 |F -> (E)                      |( num - num ) *               |
+------------------------------+------------------------------+------------------------------+------------------------------+
|$ E' T' ) E (                 |( num /*10) $                 |                              |( num - num ) * (             |
+------------------------------+------------------------------+------------------------------+------------------------------+
|$ E' T' ) E                   |num /*10) $                   |E -> TE'                      |( num - num ) * (             |
+------------------------------+------------------------------+------------------------------+------------------------------+
|$ E' T' ) E' T                |num /*10) $                   |T -> FT'                      |( num - num ) * (             |
+------------------------------+------------------------------+------------------------------+------------------------------+
|$ E' T' ) E' T' F             |num /*10) $                   |F -> num                      |( num - num ) * (             |
+------------------------------+------------------------------+------------------------------+------------------------------+
|$ E' T' ) E' T' num           |num /*10) $                   |                              |( num - num ) * ( num         |
+------------------------------+------------------------------+------------------------------+------------------------------+
|$ E' T' ) E' T'               |/*10) $                       |                              |                              |
+------------------------------+------------------------------+------------------------------+------------------------------+
