30 sets.
+-----+------------------------------+
|No.  |Elements                      |
+-----+------------------------------+
|0    |E -> .E+T,$ + -               |
|     |E -> .E-T,$ + -               |
|     |E -> .T,$ + -                 |
|     |E' -> .E,$                    |
|     |F -> .(E),$ * + - /           |
|     |F -> .num,$ * + - /           |
|     |T -> .F,$ * + - /             |
|     |T -> .T*F,$ * + - /           |
|     |T -> .T/F,$ * + - /           |
+-----+------------------------------+
|1    |E -> E.+T,$ + -               |
|     |E -> E.-T,$ + -               |
|     |E' -> E.,$                    |
+-----+------------------------------+
|2    |E -> T.,$ + -                 |
|     |T -> T.*F,$ * + - /           |
|     |T -> T./F,$ * + - /           |
+-----+------------------------------+
|3    |E -> E+.T,$ + -               |
|     |F -> .(E),$ * + - /           |
|     |F -> .num,$ * + - /           |
|     |T -> .F,$ * + - /             |
|     |T -> .T*F,$ * + - /           |
|     |T -> .T/F,$ * + - /           |
+-----+------------------------------+
|4    |E -> E-.T,$ + -               |
|     |F -> .(E),$ * + - /           |
|     |F -> .num,$ * + - /           |
|     |T -> .F,$ * + - /             |
|     |T -> .T*F,$ * + - /           |
|     |T -> .T/F,$ * + - /           |
+-----+------------------------------+
|5    |E -> E+T.,$ + -               |
|     |T -> T.*F,$ * + - /           |
|     |T -> T./F,$ * + - /           |
+-----+------------------------------+
|6    |E -> E-T.,$ + -               |
|     |T -> T.*F,$ * + - /           |
|     |T -> T./F,$ * + - /           |
+-----+------------------------------+
|7    |E -> .E+T,) + -               |
|     |E -> .E-T,) + -               |
|     |E -> .T,) + -                 |
|     |F -> (.E),$ * + - /           |
|     |F -> .(E),) * + - /           |
|     |F -> .num,) * + - /           |
|     |T -> .F,) * + - /             |
|     |T -> .T*F,) * + - /           |
|     |T -> .T/F,) * + - /           |
+-----+------------------------------+
|8    |E -> .E+T,) + -               |
|     |E -> .E-T,) + -               |
|     |E -> .T,) + -                 |
|     |F -> (.E),) * + - /           |
|     |F -> .(E),) * + - /           |
|     |F -> .num,) * + - /           |
|     |T -> .F,) * + - /             |
|     |T -> .T*F,) * + - /           |
|     |T -> .T/F,) * + - /           |
+-----+------------------------------+
|9    |E -> E.+T,) + -               |
|     |E -> E.-T,) + -               |
|     |F -> (E.),$ * + - /           |
+-----+------------------------------+
|10   |E -> E.+T,) + -               |
|     |E -> E.-T,) + -               |
|     |F -> (E.),) * + - /           |
+-----+------------------------------+
|11   |E -> T.,) + -                 |
|     |T -> T.*F,) * + - /           |
|     |T -> T./F,) * + - /           |
+-----+------------------------------+
|12   |E -> E+.T,) + -               |
|     |F -> .(E),) * + - /           |
|     |F -> .num,) * + - /           |
|     |T -> .F,) * + - /             |
|     |T -> .T*F,) * + - /           |
|     |T -> .T/F,) * + - /           |
+-----+------------------------------+
|13   |E -> E-.T,) + -               |
|     |F -> .(E),) * + - /           |
|     |F -> .num,) * + - /           |
|     |T -> .F,) * + - /             |
|     |T -> .T*F,) * + - /           |
|     |T -> .T/F,) * + - /           |
+-----+------------------------------+
|14   |E -> E+T.,) + -               |
|     |T -> T.*F,) * + - /           |
|     |T -> T./F,) * + - /           |
+-----+------------------------------+
|15   |E -> E-T.,) + -               |
|     |T -> T.*F,) * + - /           |
|     |T -> T./F,) * + - /           |
+-----+------------------------------+
|16   |F -> .(E),$ * + - /           |
|     |F -> .num,$ * + - /           |
|     |T -> T*.F,$ * + - /           |
+-----+------------------------------+
|17   |F -> .(E),$ * + - /           |
|     |F -> .num,$ * + - /           |
|     |T -> T/.F,$ * + - /           |
+-----+------------------------------+
|18   |F -> num.,$ * + - /           |
+-----+------------------------------+
|19   |F -> (E).,$ * + - /           |
+-----+------------------------------+
|20   |F -> .(E),) * + - /           |
|     |F -> .num,) * + - /           |
|     |T -> T*.F,) * + - /           |
+-----+------------------------------+
|21   |F -> .(E),) * + - /           |
|     |F -> .num,) * + - /           |
|     |T -> T/.F,) * + - /           |
+-----+------------------------------+
|22   |F -> num.,) * + - /           |
+-----+------------------------------+
|23   |F -> (E).,) * + - /           |
+-----+------------------------------+
|24   |T -> F.,$ * + - /             |
+-----+------------------------------+
|25   |T -> T*F.,$ * + - /           |
+-----+------------------------------+
|26   |T -> T/F.,$ * + - /           |
+-----+------------------------------+
|27   |T -> F.,) * + - /             |
+-----+------------------------------+
|28   |T -> T*F.,) * + - /           |
+-----+------------------------------+
|29   |T -> T/F.,) * + - /           |
+-----+------------------------------+
Analysis table:
     action                                                                                                                                                                  goto
+---+--------------------+--------------------+--------------------+--------------------+--------------------+--------------------+--------------------+--------------------+----------+----------+----------+----------+
|   |$                   |(                   |)                   |*                   |+                   |-                   |/                   |num                 |E         |E'        |F         |T         |
+---+--------------------+--------------------+--------------------+--------------------+--------------------+--------------------+--------------------+--------------------+----------+----------+----------+----------+
|0  |                    |shift 7             |                    |                    |                    |                    |                    |shift 18            |1         |          |24        |2         |
+---+--------------------+--------------------+--------------------+--------------------+--------------------+--------------------+--------------------+--------------------+----------+----------+----------+----------+
|1  |ACC                 |                    |                    |                    |shift 3             |shift 4             |                    |                    |          |          |          |          |
+---+--------------------+--------------------+--------------------+--------------------+--------------------+--------------------+--------------------+--------------------+----------+----------+----------+----------+
|2  |reduce E -> T       |                    |                    |shift 16            |reduce E -> T       |reduce E -> T       |shift 17            |                    |          |          |          |          |
+---+--------------------+--------------------+--------------------+--------------------+--------------------+--------------------+--------------------+--------------------+----------+----------+----------+----------+
|3  |                    |shift 7             |                    |                    |                    |                    |                    |shift 18            |          |          |24        |5         |
+---+--------------------+--------------------+--------------------+--------------------+--------------------+--------------------+--------------------+--------------------+----------+----------+----------+----------+
|4  |                    |shift 7             |                    |                    |                    |                    |                    |shift 18            |          |          |24        |6         |
+---+--------------------+--------------------+--------------------+--------------------+--------------------+--------------------+--------------------+--------------------+----------+----------+----------+----------+
|5  |reduce E -> E+T     |                    |                    |shift 16            |reduce E -> E+T     |reduce E -> E+T     |shift 17            |                    |          |          |          |          |
+---+--------------------+--------------------+--------------------+--------------------+--------------------+--------------------+--------------------+--------------------+----------+----------+----------+----------+
|6  |reduce E -> E-T     |                    |                    |shift 16            |reduce E -> E-T     |reduce E -> E-T     |shift 17            |                    |          |          |          |          |
+---+--------------------+--------------------+--------------------+--------------------+--------------------+--------------------+--------------------+--------------------+----------+----------+----------+----------+
|7  |                    |shift 8             |                    |                    |                    |                    |                    |shift 22            |9         |          |27        |11        |
+---+--------------------+--------------------+--------------------+--------------------+--------------------+--------------------+--------------------+--------------------+----------+----------+----------+----------+
|8  |                    |shift 8             |                    |                    |                    |                    |                    |shift 22            |10        |          |27        |11        |
+---+--------------------+--------------------+--------------------+--------------------+--------------------+--------------------+--------------------+--------------------+----------+----------+----------+----------+
|9  |                    |                    |shift 19            |                    |shift 12            |shift 13            |                    |                    |          |          |          |          |
+---+--------------------+--------------------+--------------------+--------------------+--------------------+--------------------+--------------------+--------------------+----------+----------+----------+----------+
|10 |                    |                    |shift 23            |                    |shift 12            |shift 13            |                    |                    |          |          |          |          |
+---+--------------------+--------------------+--------------------+--------------------+--------------------+--------------------+--------------------+--------------------+----------+----------+----------+----------+
|11 |                    |                    |reduce E -> T       |shift 20            |reduce E -> T       |reduce E -> T       |shift 21            |                    |          |          |          |          |
+---+--------------------+--------------------+--------------------+--------------------+--------------------+--------------------+--------------------+--------------------+----------+----------+----------+----------+
|12 |                    |shift 8             |                    |                    |                    |                    |                    |shift 22            |          |          |27        |14        |
+---+--------------------+--------------------+--------------------+--------------------+--------------------+--------------------+--------------------+--------------------+----------+----------+----------+----------+
|13 |                    |shift 8             |                    |                    |                    |                    |                    |shift 22            |          |          |27        |15        |
+---+--------------------+--------------------+--------------------+--------------------+--------------------+--------------------+--------------------+--------------------+----------+----------+----------+----------+
|14 |                    |                    |reduce E -> E+T     |shift 20            |reduce E -> E+T     |reduce E -> E+T     |shift 21            |                    |          |          |          |          |
+---+--------------------+--------------------+--------------------+--------------------+--------------------+--------------------+--------------------+--------------------+----------+----------+----------+----------+
|15 |                    |                    |reduce E -> E-T     |shift 20            |reduce E -> E-T     |reduce E -> E-T     |shift 21            |                    |          |          |          |          |
+---+--------------------+--------------------+--------------------+--------------------+--------------------+--------------------+--------------------+--------------------+----------+----------+----------+----------+
|16 |                    |shift 7             |                    |                    |                    |                    |                    |shift 18            |          |          |25        |          |
+---+--------------------+--------------------+--------------------+--------------------+--------------------+--------------------+--------------------+--------------------+----------+----------+----------+----------+
|17 |                    |shift 7             |                    |                    |                    |                    |                    |shift 18            |          |          |26        |          |
+---+--------------------+--------------------+--------------------+--------------------+--------------------+--------------------+--------------------+--------------------+----------+----------+----------+----------+
|18 |reduce F -> num     |                    |                    |reduce F -> num     |reduce F -> num     |reduce F -> num     |reduce F -> num     |                    |          |          |          |          |
+---+--------------------+--------------------+--------------------+--------------------+--------------------+--------------------+--------------------+--------------------+----------+----------+----------+----------+
|19 |reduce F -> (E)     |                    |                    |reduce F -> (E)     |reduce F -> (E)     |reduce F -> (E)     |reduce F -> (E)     |                    |          |          |          |          |
+---+--------------------+--------------------+--------------------+--------------------+--------------------+--------------------+--------------------+--------------------+----------+----------+----------+----------+
|20 |                    |shift 8             |                    |                    |                    |                    |                    |shift 22            |          |          |28        |          |
+---+--------------------+--------------------+--------------------+--------------------+--------------------+--------------------+--------------------+--------------------+----------+----------+----------+----------+
|21 |                    |shift 8             |                    |                    |                    |                    |                    |shift 22            |          |          |29        |          |
+---+--------------------+--------------------+--------------------+--------------------+--------------------+--------------------+--------------------+--------------------+----------+----------+----------+----------+
|22 |                    |                    |reduce F -> num     |reduce F -> num     |reduce F -> num     |reduce F -> num     |reduce F -> num     |                    |          |          |          |          |
+---+--------------------+--------------------+--------------------+--------------------+--------------------+--------------------+--------------------+--------------------+----------+----------+----------+----------+
|23 |                    |                    |reduce F -> (E)     |reduce F -> (E)     |reduce F -> (E)     |reduce F -> (E)     |reduce F -> (E)     |                    |          |          |          |          |
+---+--------------------+--------------------+--------------------+--------------------+--------------------+--------------------+--------------------+--------------------+----------+----------+----------+----------+
|24 |reduce T -> F       |                    |                    |reduce T -> F       |reduce T -> F       |reduce T -> F       |reduce T -> F       |                    |          |          |          |          |
+---+--------------------+--------------------+--------------------+--------------------+--------------------+--------------------+--------------------+--------------------+----------+----------+----------+----------+
|25 |reduce T -> T*F     |                    |                    |reduce T -> T*F     |reduce T -> T*F     |reduce T -> T*F     |reduce T -> T*F     |                    |          |          |          |          |
+---+--------------------+--------------------+--------------------+--------------------+--------------------+--------------------+--------------------+--------------------+----------+----------+----------+----------+
|26 |reduce T -> T/F     |                    |                    |reduce T -> T/F     |reduce T -> T/F     |reduce T -> T/F     |reduce T -> T/F     |                    |          |          |          |          |
+---+--------------------+--------------------+--------------------+--------------------+--------------------+--------------------+--------------------+--------------------+----------+----------+----------+----------+
|27 |                    |                    |reduce T -> F       |reduce T -> F       |reduce T -> F       |reduce T -> F       |reduce T -> F       |                    |          |          |          |          |
+---+--------------------+--------------------+--------------------+--------------------+--------------------+--------------------+--------------------+--------------------+----------+----------+----------+----------+
|28 |                    |                    |reduce T -> T*F     |reduce T -> T*F     |reduce T -> T*F     |reduce T -> T*F     |reduce T -> T*F     |                    |          |          |          |          |
+---+--------------------+--------------------+--------------------+--------------------+--------------------+--------------------+--------------------+--------------------+----------+----------+----------+----------+
|29 |                    |                    |reduce T -> T/F     |reduce T -> T/F     |reduce T -> T/F     |reduce T -> T/F     |reduce T -> T/F     |                    |          |          |          |          |
+---+--------------------+--------------------+--------------------+--------------------+--------------------+--------------------+--------------------+--------------------+----------+----------+----------+----------+
LR(1) Parsing Failed.
Partial Parsing Sequence:
+-------------------------+-------------------------+-------------------------+-------------------------+
|States                   |Prefix                   |Input                    |Strategy                 |
+-------------------------+-------------------------+-------------------------+-------------------------+
|0                        |                         |( num - num ) * ( num /*10) $|shift 7                  |
+-------------------------+-------------------------+-------------------------+-------------------------+
|0 7                      |(                        |num - num ) * ( num /*10) $|shift 22                 |
+-------------------------+-------------------------+-------------------------+-------------------------+
|0 7 22                   |( num                    |- num ) * ( num /*10) $  |reduce F -> num          |
+-------------------------+-------------------------+-------------------------+-------------------------+
|0 7 27                   |( F                      |- num ) * ( num /*10) $  |reduce T -> F            |
+-------------------------+-------------------------+-------------------------+-------------------------+
|0 7 11                   |( T                      |- num ) * ( num /*10) $  |reduce E -> T            |
+-------------------------+-------------------------+-------------------------+-------------------------+
|0 7 9                    |( E                      |- num ) * ( num /*10) $  |shift 13                 |
+-------------------------+-------------------------+-------------------------+-------------------------+
|0 7 9 13                 |( E -                    |num ) * ( num /*10) $    |shift 22                 |
+-------------------------+-------------------------+-------------------------+-------------------------+
|0 7 9 13 22              |( E - num                |) * ( num /*10) $        |reduce F -> num          |
+-------------------------+-------------------------+-------------------------+-------------------------+
|0 7 9 13 27              |( E - F                  |) * ( num /*10) $        |reduce T -> F            |
+-------------------------+-------------------------+-------------------------+-------------------------+
|0 7 9 13 15              |( E - T                  |) * ( num /*10) $        |reduce E -> E-T          |
+-------------------------+-------------------------+-------------------------+-------------------------+
|0 7 9                    |( E                      |) * ( num /*10) $        |shift 19                 |
+-------------------------+-------------------------+-------------------------+-------------------------+
|0 7 9 19                 |( E )                    |* ( num /*10) $          |reduce F -> (E)          |
+-------------------------+-------------------------+-------------------------+-------------------------+
|0 24                     |F                        |* ( num /*10) $          |reduce T -> F            |
+-------------------------+-------------------------+-------------------------+-------------------------+
|0 2                      |T                        |* ( num /*10) $          |shift 16                 |
+-------------------------+-------------------------+-------------------------+-------------------------+
|0 2 16                   |T *                      |( num /*10) $            |shift 7                  |
+-------------------------+-------------------------+-------------------------+-------------------------+
|0 2 16 7                 |T * (                    |num /*10) $              |shift 22                 |
+-------------------------+-------------------------+-------------------------+-------------------------+
